<?xml version="1.0" encoding="UTF-8"?>
<testng-results skipped="0" failed="0" ignored="0" total="1" passed="1">
  <reporter-output>
  </reporter-output>
  <suite name="Default suite" duration-ms="12711" started-at="2021-05-19T10:27:57 IST" finished-at="2021-05-19T10:28:10 IST">
    <groups>
    </groups>
    <test name="Default test" duration-ms="12711" started-at="2021-05-19T10:27:57 IST" finished-at="2021-05-19T10:28:10 IST">
      <class name="com.seleniumtest.tesNG.LoginHRM">
        <test-method status="PASS" signature="beforeTest()[pri:0, instance:com.seleniumtest.tesNG.LoginHRM@1877ab81]" name="beforeTest" is-config="true" duration-ms="3364" started-at="2021-05-19T10:27:57 IST" finished-at="2021-05-19T10:28:00 IST">
          <reporter-output>
          </reporter-output>
        </test-method> <!-- beforeTest -->
        <test-method status="PASS" signature="Login()[pri:0, instance:com.seleniumtest.tesNG.LoginHRM@1877ab81]" name="Login" duration-ms="8232" started-at="2021-05-19T10:28:00 IST" finished-at="2021-05-19T10:28:08 IST">
          <reporter-output>
          </reporter-output>
        </test-method> <!-- Login -->
        <test-method status="PASS" signature="afterTest()[pri:0, instance:com.seleniumtest.tesNG.LoginHRM@1877ab81]" name="afterTest" is-config="true" duration-ms="1044" started-at="2021-05-19T10:28:08 IST" finished-at="2021-05-19T10:28:10 IST">
          <reporter-output>
          </reporter-output>
        </test-method> <!-- afterTest -->
      </class> <!-- com.seleniumtest.tesNG.LoginHRM -->
    </test> <!-- Default test -->
  </suite> <!-- Default suite -->
</testng-results>
